<?xml version="1.0" encoding="UTF-8"?>
<testsuite xmlns:xsi="http://www.w3.org/2001/XMLSchema-instance" xsi:noNamespaceSchemaLocation="https://maven.apache.org/surefire/maven-surefire-plugin/xsd/surefire-test-report.xsd" name="org.dasd.persistence.BoardRepositoryTest" time="18.912" tests="17" errors="2" skipped="0" failures="0">
  <properties>
[...]
</properties>
  <testcase name="testByTitle2" classname="org.dasd.persistence.BoardRepositoryTest" time="0.349"/>
  <testcase name="testByWriter" classname="org.dasd.persistence.BoardRepositoryTest" time="0.421"/>
  <testcase name="testBnoOrderByPaging" classname="org.dasd.persistence.BoardRepositoryTest" time="0.203"/>
  <testcase name="testWriterAndContent" classname="org.dasd.persistence.BoardRepositoryTest" time="0.5"/>
  <testcase name="testExceptContent" classname="org.dasd.persistence.BoardRepositoryTest" time="0.063"/>
  <testcase name="delete" classname="org.dasd.persistence.BoardRepositoryTest" time="0">
    <error message="The entity must not be null!; nested exception is java.lang.IllegalArgumentException: The entity must not be null!" type="org.springframework.dao.InvalidDataAccessApiUsageException">org.springframework.dao.InvalidDataAccessApiUsageException: The entity must not be null!; nested exception is java.lang.IllegalArgumentException: The entity must not be null!
	at org.dasd.persistence.BoardRepositoryTest.delete(BoardRepositoryTest.java:88)
Caused by: java.lang.IllegalArgumentException: The entity must not be null!
	at org.dasd.persistence.BoardRepositoryTest.delete(BoardRepositoryTest.java:88)
</error>
    <system-out><![CDATA[delete entity
Hibernate: select board0_.bno as bno1_0_, board0_.content as content2_0_, board0_.reg_date as reg_date3_0_, board0_.title as title4_0_, board0_.update_date as update_d5_0_, board0_.writer as writer6_0_ from tbl_boards board0_ where board0_.bno=?
]]></system-out>
  </testcase>
  <testcase name="insert" classname="org.dasd.persistence.BoardRepositoryTest" time="0.016"/>
  <testcase name="testByTitleAndBno" classname="org.dasd.persistence.BoardRepositoryTest" time="0.469"/>
  <testcase name="update" classname="org.dasd.persistence.BoardRepositoryTest" time="0.031">
    <error type="java.lang.NullPointerException">java.lang.NullPointerException
	at org.dasd.persistence.BoardRepositoryTest.update(BoardRepositoryTest.java:72)
</error>
    <system-out><![CDATA[read first...
Hibernate: select board0_.bno as bno1_0_, board0_.content as content2_0_, board0_.reg_date as reg_date3_0_, board0_.title as title4_0_, board0_.update_date as update_d5_0_, board0_.writer as writer6_0_ from tbl_boards board0_ where board0_.bno=?
update title...
]]></system-out>
  </testcase>
  <testcase name="insert200" classname="org.dasd.persistence.BoardRepositoryTest" time="1.656"/>
  <testcase name="testByTitle" classname="org.dasd.persistence.BoardRepositoryTest" time="0.078"/>
  <testcase name="read" classname="org.dasd.persistence.BoardRepositoryTest" time="0.078"/>
  <testcase name="testByWriterContaining" classname="org.dasd.persistence.BoardRepositoryTest" time="0.562"/>
  <testcase name="testBnoOrderBy" classname="org.dasd.persistence.BoardRepositoryTest" time="1.062"/>
  <testcase name="testBnoPagingSort" classname="org.dasd.persistence.BoardRepositoryTest" time="0.016"/>
  <testcase name="inspect" classname="org.dasd.persistence.BoardRepositoryTest" time="0"/>
  <testcase name="testByPaging" classname="org.dasd.persistence.BoardRepositoryTest" time="0.016"/>
</testsuite>